{"/home/cvc/Área de Trabalho/JavaScript/JSEXPERT/GoodPractices2/module-03/behavioral/03.template-method/src/business/orderBusiness.js": {"path":"/home/cvc/Área de Trabalho/JavaScript/JSEXPERT/GoodPractices2/module-03/behavioral/03.template-method/src/business/orderBusiness.js","all":false,"statementMap":{"0":{"start":{"line":1,"column":0},"end":{"line":1,"column":50}},"1":{"start":{"line":2,"column":0},"end":{"line":2,"column":0}},"2":{"start":{"line":3,"column":0},"end":{"line":3,"column":57}},"3":{"start":{"line":4,"column":0},"end":{"line":4,"column":23}},"4":{"start":{"line":5,"column":0},"end":{"line":5,"column":0}},"5":{"start":{"line":6,"column":0},"end":{"line":6,"column":35}},"6":{"start":{"line":7,"column":0},"end":{"line":7,"column":54}},"7":{"start":{"line":8,"column":0},"end":{"line":8,"column":6}},"8":{"start":{"line":9,"column":0},"end":{"line":9,"column":0}},"9":{"start":{"line":10,"column":0},"end":{"line":10,"column":19}},"10":{"start":{"line":11,"column":0},"end":{"line":11,"column":30}},"11":{"start":{"line":12,"column":0},"end":{"line":12,"column":0}},"12":{"start":{"line":13,"column":0},"end":{"line":13,"column":21}},"13":{"start":{"line":14,"column":0},"end":{"line":14,"column":5}},"14":{"start":{"line":15,"column":0},"end":{"line":15,"column":1}}},"s":{"0":2,"1":2,"2":2,"3":2,"4":2,"5":1,"6":1,"7":1,"8":1,"9":1,"10":1,"11":1,"12":1,"13":1,"14":1},"branchMap":{"0":{"type":"branch","line":1,"loc":{"start":{"line":1,"column":0},"end":{"line":1,"column":50}},"locations":[{"start":{"line":1,"column":0},"end":{"line":1,"column":50}}]},"1":{"type":"branch","line":1,"loc":{"start":{"line":1,"column":25},"end":{"line":6,"column":27}},"locations":[{"start":{"line":1,"column":25},"end":{"line":6,"column":27}}]},"2":{"type":"branch","line":6,"loc":{"start":{"line":6,"column":4},"end":{"line":7,"column":38}},"locations":[{"start":{"line":6,"column":4},"end":{"line":7,"column":38}}]}},"b":{"0":[2],"1":[2],"2":[2]},"fnMap":{"0":{"name":"<instance_members_initializer>","decl":{"start":{"line":1,"column":0},"end":{"line":1,"column":50}},"loc":{"start":{"line":1,"column":0},"end":{"line":1,"column":50}},"line":1},"1":{"name":"_validateRequiredFields","decl":{"start":{"line":1,"column":25},"end":{"line":6,"column":27}},"loc":{"start":{"line":1,"column":25},"end":{"line":6,"column":27}},"line":1},"2":{"name":"_create","decl":{"start":{"line":6,"column":4},"end":{"line":7,"column":38}},"loc":{"start":{"line":6,"column":4},"end":{"line":7,"column":38}},"line":6}},"f":{"0":2,"1":2,"2":2}}
,"/home/cvc/Área de Trabalho/JavaScript/JSEXPERT/GoodPractices2/module-03/behavioral/03.template-method/src/business/base/baseBusiness.js": {"path":"/home/cvc/Área de Trabalho/JavaScript/JSEXPERT/GoodPractices2/module-03/behavioral/03.template-method/src/business/base/baseBusiness.js","all":false,"statementMap":{"0":{"start":{"line":1,"column":0},"end":{"line":1,"column":68}},"1":{"start":{"line":2,"column":0},"end":{"line":2,"column":0}},"2":{"start":{"line":3,"column":0},"end":{"line":3,"column":35}},"3":{"start":{"line":4,"column":0},"end":{"line":4,"column":35}},"4":{"start":{"line":5,"column":0},"end":{"line":5,"column":42}},"5":{"start":{"line":6,"column":0},"end":{"line":6,"column":45}},"6":{"start":{"line":7,"column":0},"end":{"line":7,"column":10}},"7":{"start":{"line":8,"column":0},"end":{"line":8,"column":5}},"8":{"start":{"line":9,"column":0},"end":{"line":9,"column":0}},"9":{"start":{"line":10,"column":0},"end":{"line":10,"column":19}},"10":{"start":{"line":11,"column":0},"end":{"line":11,"column":42}},"11":{"start":{"line":12,"column":0},"end":{"line":12,"column":29}},"12":{"start":{"line":13,"column":0},"end":{"line":13,"column":10}},"13":{"start":{"line":14,"column":0},"end":{"line":14,"column":5}},"14":{"start":{"line":15,"column":0},"end":{"line":15,"column":0}},"15":{"start":{"line":16,"column":0},"end":{"line":16,"column":7}},"16":{"start":{"line":17,"column":0},"end":{"line":17,"column":28}},"17":{"start":{"line":18,"column":0},"end":{"line":18,"column":100}},"18":{"start":{"line":19,"column":0},"end":{"line":19,"column":61}},"19":{"start":{"line":20,"column":0},"end":{"line":20,"column":7}},"20":{"start":{"line":21,"column":0},"end":{"line":21,"column":0}},"21":{"start":{"line":22,"column":0},"end":{"line":22,"column":18}},"22":{"start":{"line":23,"column":0},"end":{"line":23,"column":59}},"23":{"start":{"line":24,"column":0},"end":{"line":24,"column":0}},"24":{"start":{"line":25,"column":0},"end":{"line":25,"column":53}},"25":{"start":{"line":26,"column":0},"end":{"line":26,"column":0}},"26":{"start":{"line":27,"column":0},"end":{"line":27,"column":34}},"27":{"start":{"line":28,"column":0},"end":{"line":28,"column":5}},"28":{"start":{"line":29,"column":0},"end":{"line":29,"column":1}}},"s":{"0":1,"1":1,"2":1,"3":1,"4":1,"5":1,"6":1,"7":1,"8":1,"9":1,"10":1,"11":1,"12":1,"13":1,"14":1,"15":1,"16":1,"17":1,"18":1,"19":1,"20":1,"21":1,"22":1,"23":1,"24":1,"25":1,"26":1,"27":1,"28":1},"branchMap":{"0":{"type":"branch","line":1,"loc":{"start":{"line":1,"column":9},"end":{"line":4,"column":27}},"locations":[{"start":{"line":1,"column":9},"end":{"line":4,"column":27}}]},"1":{"type":"branch","line":4,"loc":{"start":{"line":4,"column":28},"end":{"line":6,"column":45}},"locations":[{"start":{"line":4,"column":28},"end":{"line":6,"column":45}}]},"2":{"type":"branch","line":18,"loc":{"start":{"line":18,"column":0},"end":{"line":23,"column":59}},"locations":[{"start":{"line":18,"column":0},"end":{"line":23,"column":59}}]},"3":{"type":"branch","line":22,"loc":{"start":{"line":22,"column":4},"end":{"line":23,"column":24}},"locations":[{"start":{"line":22,"column":4},"end":{"line":23,"column":24}}]}},"b":{"0":[1],"1":[1],"2":[1],"3":[0]},"fnMap":{"0":{"name":"_validateRequiredFields","decl":{"start":{"line":1,"column":9},"end":{"line":4,"column":27}},"loc":{"start":{"line":1,"column":9},"end":{"line":4,"column":27}},"line":1},"1":{"name":"_create","decl":{"start":{"line":4,"column":28},"end":{"line":6,"column":45}},"loc":{"start":{"line":4,"column":28},"end":{"line":6,"column":45}},"line":4},"2":{"name":"create","decl":{"start":{"line":18,"column":0},"end":{"line":23,"column":59}},"loc":{"start":{"line":18,"column":0},"end":{"line":23,"column":59}},"line":18}},"f":{"0":1,"1":1,"2":1}}
,"/home/cvc/Área de Trabalho/JavaScript/JSEXPERT/GoodPractices2/module-03/behavioral/03.template-method/src/entities/order.js": {"path":"/home/cvc/Área de Trabalho/JavaScript/JSEXPERT/GoodPractices2/module-03/behavioral/03.template-method/src/entities/order.js","all":false,"statementMap":{"0":{"start":{"line":1,"column":0},"end":{"line":1,"column":28}},"1":{"start":{"line":2,"column":0},"end":{"line":2,"column":51}},"2":{"start":{"line":3,"column":0},"end":{"line":3,"column":37}},"3":{"start":{"line":4,"column":0},"end":{"line":4,"column":29}},"4":{"start":{"line":5,"column":0},"end":{"line":5,"column":33}},"5":{"start":{"line":6,"column":0},"end":{"line":6,"column":5}},"6":{"start":{"line":7,"column":0},"end":{"line":7,"column":1}}},"s":{"0":2,"1":2,"2":1,"3":1,"4":1,"5":1,"6":1},"branchMap":{"0":{"type":"branch","line":1,"loc":{"start":{"line":1,"column":0},"end":{"line":3,"column":13}},"locations":[{"start":{"line":1,"column":0},"end":{"line":3,"column":13}}]}},"b":{"0":[2]},"fnMap":{"0":{"name":"Order","decl":{"start":{"line":1,"column":0},"end":{"line":3,"column":13}},"loc":{"start":{"line":1,"column":0},"end":{"line":3,"column":13}},"line":1}},"f":{"0":2}}
,"/home/cvc/Área de Trabalho/JavaScript/JSEXPERT/GoodPractices2/module-03/behavioral/03.template-method/src/utils/exceptions.js": {"path":"/home/cvc/Área de Trabalho/JavaScript/JSEXPERT/GoodPractices2/module-03/behavioral/03.template-method/src/utils/exceptions.js","all":false,"statementMap":{"0":{"start":{"line":1,"column":0},"end":{"line":1,"column":45}},"1":{"start":{"line":2,"column":0},"end":{"line":2,"column":26}},"2":{"start":{"line":3,"column":0},"end":{"line":3,"column":64}},"3":{"start":{"line":4,"column":0},"end":{"line":4,"column":0}},"4":{"start":{"line":5,"column":0},"end":{"line":5,"column":46}},"5":{"start":{"line":6,"column":0},"end":{"line":6,"column":5}},"6":{"start":{"line":7,"column":0},"end":{"line":7,"column":1}},"7":{"start":{"line":8,"column":0},"end":{"line":8,"column":0}},"8":{"start":{"line":9,"column":0},"end":{"line":9,"column":35}}},"s":{"0":4,"1":4,"2":1,"3":1,"4":1,"5":1,"6":1,"7":1,"8":1},"branchMap":{"0":{"type":"branch","line":1,"loc":{"start":{"line":1,"column":0},"end":{"line":3,"column":25}},"locations":[{"start":{"line":1,"column":0},"end":{"line":3,"column":25}}]}},"b":{"0":[4]},"fnMap":{"0":{"name":"NotImplementedException","decl":{"start":{"line":1,"column":0},"end":{"line":3,"column":25}},"loc":{"start":{"line":1,"column":0},"end":{"line":3,"column":25}},"line":1}},"f":{"0":4}}
}
