{"/home/cvc/Área de Trabalho/JavaScript/JSEXPERT/GoodPractices2/module-02/behavioral/02.observer/src/events/payment.js": {"path":"/home/cvc/Área de Trabalho/JavaScript/JSEXPERT/GoodPractices2/module-02/behavioral/02.observer/src/events/payment.js","all":false,"statementMap":{"0":{"start":{"line":1,"column":0},"end":{"line":1,"column":30}},"1":{"start":{"line":2,"column":0},"end":{"line":2,"column":33}},"2":{"start":{"line":3,"column":0},"end":{"line":3,"column":45}},"3":{"start":{"line":4,"column":0},"end":{"line":4,"column":5}},"4":{"start":{"line":5,"column":0},"end":{"line":5,"column":0}},"5":{"start":{"line":6,"column":0},"end":{"line":6,"column":29}},"6":{"start":{"line":7,"column":0},"end":{"line":7,"column":73}},"7":{"start":{"line":8,"column":0},"end":{"line":8,"column":0}},"8":{"start":{"line":9,"column":0},"end":{"line":9,"column":48}},"9":{"start":{"line":10,"column":0},"end":{"line":10,"column":5}},"10":{"start":{"line":11,"column":0},"end":{"line":11,"column":1}}},"s":{"0":1,"1":2,"2":2,"3":2,"4":2,"5":2,"6":1,"7":1,"8":1,"9":1,"10":1},"branchMap":{"0":{"type":"branch","line":1,"loc":{"start":{"line":1,"column":0},"end":{"line":1,"column":21}},"locations":[{"start":{"line":1,"column":0},"end":{"line":1,"column":21}}]},"1":{"type":"branch","line":1,"loc":{"start":{"line":1,"column":21},"end":{"line":7,"column":49}},"locations":[{"start":{"line":1,"column":21},"end":{"line":7,"column":49}}]}},"b":{"0":[2],"1":[2]},"fnMap":{"0":{"name":"Payment","decl":{"start":{"line":1,"column":0},"end":{"line":1,"column":21}},"loc":{"start":{"line":1,"column":0},"end":{"line":1,"column":21}},"line":1},"1":{"name":"creditCard","decl":{"start":{"line":1,"column":21},"end":{"line":7,"column":49}},"loc":{"start":{"line":1,"column":21},"end":{"line":7,"column":49}},"line":1}},"f":{"0":2,"1":2}}
,"/home/cvc/Área de Trabalho/JavaScript/JSEXPERT/GoodPractices2/module-02/behavioral/02.observer/src/observers/marketing.js": {"path":"/home/cvc/Área de Trabalho/JavaScript/JSEXPERT/GoodPractices2/module-02/behavioral/02.observer/src/observers/marketing.js","all":false,"statementMap":{"0":{"start":{"line":1,"column":0},"end":{"line":1,"column":32}},"1":{"start":{"line":2,"column":0},"end":{"line":2,"column":87}},"2":{"start":{"line":3,"column":0},"end":{"line":3,"column":94}},"3":{"start":{"line":4,"column":0},"end":{"line":4,"column":30}},"4":{"start":{"line":5,"column":0},"end":{"line":5,"column":0}},"5":{"start":{"line":6,"column":0},"end":{"line":6,"column":29}},"6":{"start":{"line":7,"column":0},"end":{"line":7,"column":86}},"7":{"start":{"line":8,"column":0},"end":{"line":8,"column":5}},"8":{"start":{"line":9,"column":0},"end":{"line":9,"column":1}}},"s":{"0":1,"1":1,"2":1,"3":1,"4":1,"5":1,"6":1,"7":1,"8":1},"branchMap":{"0":{"type":"branch","line":3,"loc":{"start":{"line":3,"column":4},"end":{"line":6,"column":11}},"locations":[{"start":{"line":3,"column":4},"end":{"line":6,"column":11}}]}},"b":{"0":[1]},"fnMap":{"0":{"name":"update","decl":{"start":{"line":3,"column":4},"end":{"line":6,"column":11}},"loc":{"start":{"line":3,"column":4},"end":{"line":6,"column":11}},"line":3}},"f":{"0":1}}
,"/home/cvc/Área de Trabalho/JavaScript/JSEXPERT/GoodPractices2/module-02/behavioral/02.observer/src/observers/shipment.js": {"path":"/home/cvc/Área de Trabalho/JavaScript/JSEXPERT/GoodPractices2/module-02/behavioral/02.observer/src/observers/shipment.js","all":false,"statementMap":{"0":{"start":{"line":1,"column":0},"end":{"line":1,"column":31}},"1":{"start":{"line":2,"column":0},"end":{"line":2,"column":29}},"2":{"start":{"line":3,"column":0},"end":{"line":3,"column":85}},"3":{"start":{"line":4,"column":0},"end":{"line":4,"column":5}},"4":{"start":{"line":5,"column":0},"end":{"line":5,"column":1}}},"s":{"0":1,"1":1,"2":1,"3":1,"4":1},"branchMap":{"0":{"type":"branch","line":1,"loc":{"start":{"line":1,"column":0},"end":{"line":2,"column":13}},"locations":[{"start":{"line":1,"column":0},"end":{"line":2,"column":13}}]}},"b":{"0":[1]},"fnMap":{"0":{"name":"update","decl":{"start":{"line":1,"column":0},"end":{"line":2,"column":13}},"loc":{"start":{"line":1,"column":0},"end":{"line":2,"column":13}},"line":1}},"f":{"0":1}}
,"/home/cvc/Área de Trabalho/JavaScript/JSEXPERT/GoodPractices2/module-02/behavioral/02.observer/src/subjects/paymentSubject.js": {"path":"/home/cvc/Área de Trabalho/JavaScript/JSEXPERT/GoodPractices2/module-02/behavioral/02.observer/src/subjects/paymentSubject.js","all":false,"statementMap":{"0":{"start":{"line":1,"column":0},"end":{"line":1,"column":37}},"1":{"start":{"line":2,"column":0},"end":{"line":2,"column":27}},"2":{"start":{"line":3,"column":0},"end":{"line":3,"column":0}},"3":{"start":{"line":4,"column":0},"end":{"line":4,"column":18}},"4":{"start":{"line":5,"column":0},"end":{"line":5,"column":66}},"5":{"start":{"line":6,"column":0},"end":{"line":6,"column":5}},"6":{"start":{"line":7,"column":0},"end":{"line":7,"column":0}},"7":{"start":{"line":8,"column":0},"end":{"line":8,"column":29}},"8":{"start":{"line":9,"column":0},"end":{"line":9,"column":43}},"9":{"start":{"line":10,"column":0},"end":{"line":10,"column":5}},"10":{"start":{"line":11,"column":0},"end":{"line":11,"column":4}},"11":{"start":{"line":12,"column":0},"end":{"line":12,"column":27}},"12":{"start":{"line":13,"column":0},"end":{"line":13,"column":40}},"13":{"start":{"line":14,"column":0},"end":{"line":14,"column":5}},"14":{"start":{"line":15,"column":0},"end":{"line":15,"column":1}}},"s":{"0":4,"1":4,"2":1,"3":1,"4":1,"5":4,"6":4,"7":4,"8":1,"9":1,"10":1,"11":1,"12":1,"13":1,"14":1},"branchMap":{"0":{"type":"branch","line":1,"loc":{"start":{"line":1,"column":0},"end":{"line":2,"column":27}},"locations":[{"start":{"line":1,"column":0},"end":{"line":2,"column":27}}]},"1":{"type":"branch","line":1,"loc":{"start":{"line":1,"column":21},"end":{"line":2,"column":21}},"locations":[{"start":{"line":1,"column":21},"end":{"line":2,"column":21}}]},"2":{"type":"branch","line":5,"loc":{"start":{"line":5,"column":44},"end":{"line":9,"column":31}},"locations":[{"start":{"line":5,"column":44},"end":{"line":9,"column":31}}]}},"b":{"0":[4],"1":[3],"2":[4]},"fnMap":{"0":{"name":"notify","decl":{"start":{"line":1,"column":0},"end":{"line":2,"column":27}},"loc":{"start":{"line":1,"column":0},"end":{"line":2,"column":27}},"line":1},"1":{"name":"subscribe","decl":{"start":{"line":5,"column":44},"end":{"line":9,"column":31}},"loc":{"start":{"line":5,"column":44},"end":{"line":9,"column":31}},"line":5}},"f":{"0":4,"1":4}}
}
